<?xml version="1.0" encoding="UTF-8"?>
<!-- Generated by org.testng.reporters.JUnitReportReporter -->
<testsuite skipped="0" hostname="Mullappa-PC" name="com.actitime.test.CustomerModule" tests="1" failures="0" timestamp="16 Feb 2020 11:43:05 GMT" time="68.173" errors="0">
  <testcase name="testCreateCustome" time="68.173" classname="com.actitime.test.CustomerModule"/>
</testsuite> <!-- com.actitime.test.CustomerModule -->
